<?xml version="1.0" encoding="UTF-8" standalone="no"?>
<testsuite errors="0" failures="1" name="io.cucumber.core.plugin.JUnitFormatter" skipped="0" tests="1" time="113.176">
<testcase classname="Almatar booking website" name="verifying the user able to book hotel" time="112.961">
<failure message="no such element: Unable to locate element: {&quot;method&quot;:&quot;xpath&quot;,&quot;selector&quot;:&quot;//div[contains(@class,'col-4 col-md-2 custom__both__side__padding')]&quot;}&#10;  (Session info: chrome=108.0.5359.126)&#10;For documentation on this error, please visit: https://selenium.dev/exceptions/#no_such_element&#10;Build info: version: '4.7.2', revision: '4d4020c3b7'&#10;System info: os.name: 'Windows 10', os.arch: 'amd64', os.version: '10.0', java.version: '1.8.0_281'&#10;Driver info: org.openqa.selenium.chrome.ChromeDriver&#10;Command: [7b5c0f4f69a316dbff86cfcccadb3ae9, findElement {using=xpath, value=//div[contains(@class,'col-4 col-md-2 custom__both__side__padding')]}]&#10;Capabilities {acceptInsecureCerts: false, browserName: chrome, browserVersion: 108.0.5359.126, chrome: {chromedriverVersion: 108.0.5359.71 (1e0e3868ee06..., userDataDir: C:\Users\SHRIDH~1.KD\AppDat...}, goog:chromeOptions: {debuggerAddress: localhost:56482}, networkConnectionEnabled: false, pageLoadStrategy: normal, platformName: WINDOWS, proxy: Proxy(), se:cdp: ws://localhost:56482/devtoo..., se:cdpVersion: 108.0.5359.126, setWindowRect: true, strictFileInteractability: false, timeouts: {implicit: 0, pageLoad: 300000, script: 30000}, unhandledPromptBehavior: dismiss and notify, webauthn:extension:credBlob: true, webauthn:extension:largeBlob: true, webauthn:virtualAuthenticators: true}&#10;Session ID: 7b5c0f4f69a316dbff86cfcccadb3ae9" type="org.openqa.selenium.NoSuchElementException"><![CDATA[Given user login to "almatar" web admin portal..............................passed
Then user enter cityname "Dubai" to desination textbox and select value from combobox.passed
And user select "departure" date from the departure calender and "arrival" date from the arrival calender.passed
And user verify the "9 Nights" text is displayed............................passed
And user click on "Search" button on home page..............................passed
And user click on "Available Rooms" button on Hotels page...................passed
And user click on "Book now" button on HotelsRoom page......................passed
Then user select value "Mr" from title combobox.............................failed
And user enter the "FIRSTNAME" to "firstname" field.........................skipped
And user enter the "LASTNAME" to "lastname" field...........................skipped
And user enter the "EMAIL" to "email" field.................................skipped
Then user select value "India" from Phone code combobox.....................skipped
And user enter the "PHONENUMBER" to "phonenumber" field.....................skipped
Then user select value "India" from nationality combobox....................skipped
Then user select value "5" from day DOB combobox............................skipped
Then user select value "April" from month DOB combobox......................skipped
Then user select value "1994" from year DOB combobox........................skipped
Then user check "Smoking Room" check box....................................skipped
Then user check "Separated Bed" check box...................................skipped
Then user check "NonSmoking Room" check box.................................skipped
Then user check "Remove alcohol" check box..................................skipped
Then user check "Swimming Pool" check box...................................skipped
And user click on "Continue" button on Booking details page.................skipped

StackTrace:
org.openqa.selenium.NoSuchElementException: no such element: Unable to locate element: {"method":"xpath","selector":"//div[contains(@class,'col-4 col-md-2 custom__both__side__padding')]"}
  (Session info: chrome=108.0.5359.126)
For documentation on this error, please visit: https://selenium.dev/exceptions/#no_such_element
Build info: version: '4.7.2', revision: '4d4020c3b7'
System info: os.name: 'Windows 10', os.arch: 'amd64', os.version: '10.0', java.version: '1.8.0_281'
Driver info: org.openqa.selenium.chrome.ChromeDriver
Command: [7b5c0f4f69a316dbff86cfcccadb3ae9, findElement {using=xpath, value=//div[contains(@class,'col-4 col-md-2 custom__both__side__padding')]}]
Capabilities {acceptInsecureCerts: false, browserName: chrome, browserVersion: 108.0.5359.126, chrome: {chromedriverVersion: 108.0.5359.71 (1e0e3868ee06..., userDataDir: C:\Users\SHRIDH~1.KD\AppDat...}, goog:chromeOptions: {debuggerAddress: localhost:56482}, networkConnectionEnabled: false, pageLoadStrategy: normal, platformName: WINDOWS, proxy: Proxy(), se:cdp: ws://localhost:56482/devtoo..., se:cdpVersion: 108.0.5359.126, setWindowRect: true, strictFileInteractability: false, timeouts: {implicit: 0, pageLoad: 300000, script: 30000}, unhandledPromptBehavior: dismiss and notify, webauthn:extension:credBlob: true, webauthn:extension:largeBlob: true, webauthn:virtualAuthenticators: true}
Session ID: 7b5c0f4f69a316dbff86cfcccadb3ae9
	at sun.reflect.NativeConstructorAccessorImpl.newInstance0(Native Method)
	at sun.reflect.NativeConstructorAccessorImpl.newInstance(NativeConstructorAccessorImpl.java:62)
	at sun.reflect.DelegatingConstructorAccessorImpl.newInstance(DelegatingConstructorAccessorImpl.java:45)
	at java.lang.reflect.Constructor.newInstance(Constructor.java:423)
	at org.openqa.selenium.remote.codec.w3c.W3CHttpResponseCodec.createException(W3CHttpResponseCodec.java:200)
	at org.openqa.selenium.remote.codec.w3c.W3CHttpResponseCodec.decode(W3CHttpResponseCodec.java:133)
	at org.openqa.selenium.remote.codec.w3c.W3CHttpResponseCodec.decode(W3CHttpResponseCodec.java:53)
	at org.openqa.selenium.remote.HttpCommandExecutor.execute(HttpCommandExecutor.java:184)
	at org.openqa.selenium.remote.service.DriverCommandExecutor.invokeExecute(DriverCommandExecutor.java:167)
	at org.openqa.selenium.remote.service.DriverCommandExecutor.execute(DriverCommandExecutor.java:142)
	at org.openqa.selenium.remote.RemoteWebDriver.execute(RemoteWebDriver.java:535)
	at org.openqa.selenium.remote.ElementLocation$ElementFinder$2.findElement(ElementLocation.java:162)
	at org.openqa.selenium.remote.ElementLocation.findElement(ElementLocation.java:60)
	at org.openqa.selenium.remote.RemoteWebDriver.findElement(RemoteWebDriver.java:351)
	at org.openqa.selenium.remote.RemoteWebDriver.findElement(RemoteWebDriver.java:343)
	at org.openqa.selenium.support.pagefactory.DefaultElementLocator.findElement(DefaultElementLocator.java:70)
	at org.openqa.selenium.support.pagefactory.internal.LocatingElementHandler.invoke(LocatingElementHandler.java:39)
	at com.sun.proxy.$Proxy23.click(Unknown Source)
	at cucumberUtils.stepDefnition.BookingDetailsPage.userSelectValueFromTitleCombobox(BookingDetailsPage.java:17)
	at âœ½.user select value "Mr" from title combobox(file:///C:/almatar/src/features/almatar.feature:14)
]]></failure>
</testcase>
</testsuite>
